INFO:root:Automation Started
INFO:root:Automation Started
INFO:root:Response Time 6.414772987365723 seconds
INFO:root:Automation Started at 2020-01-08 22:58:31.131307
INFO:root:Response Time 5.820375680923462 seconds
INFO:root:Automation Ended
INFO:root:Automation Started at 2020-01-08 23:11:21.395886
INFO:root:Response Time 7.221542596817017 seconds
INFO:root:Automation Started at 2020-01-08 23:12:26.734898
INFO:root:Response Time 7.70346736907959 seconds
INFO:root:Automation Started at 2020-01-08 23:14:34.846910
INFO:root:Response Time 6.235117673873901 seconds
INFO:root:Automation Ended
INFO:root:Automation Started at 2020-01-08 23:15:06.355397
INFO:root:Response Time 6.074385166168213 seconds
INFO:root:Automation Ended
INFO:root:Automation Started at 2020-01-08 23:21:57.974245
INFO:root:Response Time 5.779642105102539 seconds
INFO:root:Automation Started at 2020-01-08 23:27:48.128756
INFO:root:Response Time 7.009622812271118 seconds
INFO:root:Automation Started at 2020-01-08 23:28:27.589102
INFO:root:Response Time 5.559619903564453 seconds
INFO:root:Automation Started at 2020-01-08 23:32:01.852079
INFO:root:Response Time 5.828219175338745 seconds
INFO:root:Automation Started at 2020-01-08 23:36:05.626144
INFO:root:Response Time 6.181690454483032 seconds
INFO:root:Automation Started at 2020-01-08 23:39:24.584597
INFO:root:Response Time 5.885670185089111 seconds
INFO:root:Automation Started at 2020-01-08 23:49:51.062552
INFO:root:Response Time 5.789884328842163 seconds
INFO:root:Automation Started at 2020-01-08 23:55:09.199797
INFO:root:Response Time 6.520880699157715 seconds
INFO:root:Automation Started at 2020-01-08 23:58:46.603106
INFO:root:Response Time 5.65721869468689 seconds
INFO:root:Automation Ended
INFO:root:Automation Started at 2020-01-09 00:02:44.355240
INFO:root:Response Time 5.795833587646484 seconds
INFO:root:Automation Started at 2020-01-09 00:03:50.635337
INFO:root:Response Time 7.265856027603149 seconds
INFO:root:Automation Started at 2020-01-09 00:05:26.602474
INFO:root:Response Time 5.7434773445129395 seconds
INFO:root:Automation Started at 2020-01-09 00:06:31.257297
INFO:root:Response Time 5.72953200340271 seconds
INFO:root:Automation Started at 2020-01-09 00:07:27.490038
INFO:root:Response Time 6.0668723583221436 seconds
INFO:root:Automation Started at 2020-01-09 00:11:16.497819
INFO:root:Response Time 5.618436813354492 seconds
INFO:root:Automation Started at 2020-01-09 00:28:19.743294
INFO:root:Response Time 5.804764270782471 seconds
INFO:root:Automation Started at 2020-01-09 00:29:05.354037
INFO:root:Response Time 5.660945653915405 seconds
INFO:root:Automation Started at 2020-01-09 00:29:42.322664
INFO:root:Response Time 6.029227018356323 seconds
INFO:root:Automation Started at 2020-01-09 00:30:51.883728
INFO:root:Response Time 5.826411724090576 seconds
INFO:root:Automation Started at 2020-01-09 00:45:09.873941
INFO:root:Response Time 8.13248348236084 seconds
INFO:root:Automation Started at 2020-01-09 00:45:51.398255
INFO:root:Response Time 5.8392417430877686 seconds
INFO:root:Automation Started at 2020-01-09 00:48:56.112649
INFO:root:Response Time 5.793643236160278 seconds
INFO:root:Automation Started at 2020-01-09 00:56:47.516210
INFO:root:Response Time 5.915212392807007 seconds
INFO:root:Automation Ended
INFO:root:Automation Started at 2020-01-09 00:57:44.977291
INFO:root:Response Time 5.743887186050415 seconds
INFO:root:Automation Ended
INFO:root:Automation Started at 2020-01-09 00:59:17.153659
INFO:root:Response Time 5.782689332962036 seconds
INFO:root:Automation Ended
INFO:root:Automation Started at 2020-01-09 01:05:26.415640
INFO:root:Response Time 6.15385627746582 seconds
INFO:root:Automation Started at 2020-01-09 01:10:05.959482
INFO:root:Response Time 6.688011884689331 seconds
INFO:root:Automation Started at 2020-01-09 01:13:06.637880
INFO:root:Response Time 6.585568189620972 seconds
INFO:root:Automation Started at 2020-01-09 01:16:39.536640
INFO:root:Response Time 5.788845062255859 seconds
INFO:root:Automation Started at 2020-01-09 01:23:18.214070
INFO:root:Response Time 6.168141603469849 seconds
INFO:root:Automation Ended
INFO:root:Automation Started at 2020-01-09 01:25:01.435874
INFO:root:Response Time 6.491297483444214 seconds
INFO:root:Automation Started at 2020-01-09 01:25:58.489008
INFO:root:Response Time 5.452726602554321 seconds
INFO:root:Automation Started at 2020-01-09 01:27:57.296763
INFO:root:Response Time 7.877234220504761 seconds
INFO:root:Automation Started at 2020-01-09 01:28:44.065070
INFO:root:Response Time 7.262378692626953 seconds
INFO:root:Automation Started at 2020-01-09 01:29:34.196249
INFO:root:Response Time 6.127532958984375 seconds
INFO:root:Automation Ended
INFO:root:Automation Started at 2020-01-09 01:30:11.031915
INFO:root:Response Time 7.514330625534058 seconds
INFO:root:Automation Ended
INFO:root:Automation Started at 2020-01-09 01:32:31.816956
INFO:root:Response Time 6.573252439498901 seconds
INFO:root:Automation Ended
INFO:root:Automation Started at 2020-01-09 01:39:25.173436
INFO:root:Response Time 7.6772308349609375 seconds
INFO:root:Automation Started at 2020-01-09 01:40:29.742998
INFO:root:Response Time 6.051324129104614 seconds
INFO:root:Automation Ended
INFO:root:Automation Started at 2020-01-09 01:42:13.521781
INFO:root:Response Time 6.165120840072632 seconds
INFO:root:Automation Ended
INFO:root:Automation Started at 2020-01-09 01:43:51.877720
INFO:root:Response Time 6.484228610992432 seconds
INFO:root:Automation Started at 2020-01-09 01:44:56.772580
INFO:root:Response Time 6.5887980461120605 seconds
INFO:root:Automation Started at 2020-01-09 01:46:25.234590
INFO:root:Response Time 7.299566030502319 seconds
INFO:root:Automation Started at 2020-01-09 01:47:18.783819
INFO:root:Response Time 5.6184163093566895 seconds
INFO:root:Automation Ended
INFO:root:Automation Started at 2020-01-09 01:50:08.056539
INFO:root:Response Time 6.067425012588501 seconds
INFO:root:Automation Ended
INFO:root:Automation Started at 2020-01-09 01:55:20.629266
INFO:root:Response Time 7.652773857116699 seconds
INFO:root:current url is %s
INFO:root:Automation Ended at 2020-01-09 01:55:51.255161
INFO:root:Automation Started at 2020-01-09 01:57:04.284655
INFO:root:Response Time 7.074469804763794 seconds
INFO:root:current url is https://www.atg.party/mypost
INFO:root:Automation Ended at 2020-01-09 01:57:35.430770
INFO:root:Automation Started at 2020-01-09 02:01:36.472680
INFO:root:Response Time 6.3594818115234375 seconds
INFO:root:current url is https://www.atg.party/mypost
INFO:root:Automation Ended at 2020-01-09 02:03:11.475687
INFO:root:Automation Started at 2020-01-09 02:08:54.814790
INFO:root:Response Time 6.981781005859375 seconds
INFO:root:Automation Started at 2020-01-09 02:11:06.068255
INFO:root:Response Time 6.771623373031616 seconds
INFO:root:Automation Started at 2020-01-09 02:13:15.256022
INFO:root:Automation Started at 2020-01-09 02:13:30.976126
INFO:root:Automation Started at 2020-01-09 02:14:06.721411
INFO:root:Response Time 5.943177938461304 seconds
INFO:root:current url is https://www.atg.party/view-article/Random-31747
INFO:root:Automation Ended at 2020-01-09 02:14:40.191633
INFO:root:Automation Started at 2020-01-09 02:20:26.637712
INFO:root:Response Time 7.25515079498291 seconds
INFO:root:current url is https://www.atg.party/view-article/Random-31748
INFO:root:Automation Ended at 2020-01-09 02:22:07.846808
INFO:root:Automation Started at 2020-01-09 02:41:04.280854
INFO:root:Response Time 5.964243412017822 seconds
INFO:root:current url is https://www.atg.party/view-article/Random-31749
INFO:root:Automation Ended at 2020-01-09 02:42:40.270761
